Arguments: 
  C:\Program Files\nodejs\node.exe C:\Users\User\AppData\Roaming\npm\node_modules\yarn\bin\yarn.js

PATH: 
  C:\Program Files\Git\mingw64\bin;C:\Program Files\Git\usr\bin;C:\Users\User\bin;C:\Windows\system32;C:\Windows;C:\Windows\System32\Wbem;C:\Windows\System32\WindowsPowerShell\v1.0;C:\Windows\System32\OpenSSH;C:\Program Files\nodejs;C:\Program Files\Git\cmd;C:\Users\User\AppData\Local\Microsoft\WindowsApps;C:\Users\User\AppData\Local\Programs\Microsoft VS Code\bin;C:\Users\User\AppData\Roaming\npm

Yarn version: 
  1.22.5

Node version: 
  14.5.0

Platform: 
  win32 x64

Trace: 
  SyntaxError: C:\Frontend\ahj-homeworks\Task_4\package.json: Unexpected string in JSON at position 228
      at JSON.parse (<anonymous>)
      at C:\Users\User\AppData\Roaming\npm\node_modules\yarn\lib\cli.js:1625:59
      at Generator.next (<anonymous>)
      at step (C:\Users\User\AppData\Roaming\npm\node_modules\yarn\lib\cli.js:310:30)
      at C:\Users\User\AppData\Roaming\npm\node_modules\yarn\lib\cli.js:321:13

npm manifest: 
  {
    "name": "task_4",
    "version": "1.0.0",
    "description": "task_4_testing",
    "main": "index.js",
    "repository": "https://github.com/DiRover/ahj-homework-testing-4.git",
    "author": "Dmitriy Rovenskiy",
    "license": "MIT"
    "devDependencies": {
      "@babel/core": "^7.11.6",
      "@babel/preset-env": "^7.11.5",
      "babel-loader": "^8.1.0",
      "css-loader": "^4.3.0",
      "eslint": "^7.9.0",
      "eslint-config-airbnb-base": "^14.2.0",
      "eslint-plugin-import": "^2.22.0",
      "html-loader": "^1.3.0",
      "jest": "^26.4.2",
      "optimize-css-assets-webpack-plugin": "^5.0.4",
      "url-loader": "^4.1.0",
      "webpack": "^4.44.1",
      "webpack-cli": "^3.3.12",
      "webpack-dev-server": "^3.11.0",
      "webpack-merge": "^5.1.4"
    },
    "scripts": {
      "build": "webpack --config webpack.prod.js",
      "buildbabel": "babel src -d dist",
      "start": "webpack-dev-server --config webpack.dev.js",
      "lint": "eslint .",
      "test": "jest --coverage"
    },
    "dependencies": {
      "core-js": "3",
      "file-loader": "^6.1.0",
      "mini-css-extract-plugin": "^0.11.2",
      "html-webpack-plugin": "^4.4.1",
      "terser-webpack-plugin": "^4.2.0"
    }
  }

yarn manifest: 
  No manifest

Lockfile: 
  No lockfile
